SELECTED TABLES			Release 53		Last change 12jan97
Copyright (c) 1989,1990,1991,1992,1993,1994,1995,1996,1997 Ralf Brown
--------!------------------------------------

Country-Specific Information:
	country codes (see #0747 at INT 21/AH=38h)
	country-specific information (see #0745,#0746)
	country-dependent capitalization (see INT 21/AX=6520h)
	code pages (see #0374,#1099)
	extended country-specific info (see #1093 at INT 21/AX=6500h)
		uppercase table (see #1094)
		filename uppercase table (see #1095)
		filename terminator table (see #1096)
		collating table (see #1097)
		DBCS lead byte table (see #1098)
	yes/no response (see INT 21/AX=6523h)

DESQview
	.PIF / .DVP file format (see #0331 at INT 15/AX=102Ch)
	TopView panel file format (see #0340 at INT 15/AH=12h)
	TopView/DESQview streams (see #0350,#0351,#0352 at INT 15/AH=12h)

Device Drivers
	command code (see #1929 at INT 2F/AX=0802h)
	device driver header (see #0987 at INT 21/AH=52h)
	device attributes (see #0988,#0989 at INT 21/AH=52h)
	error codes (see #1932 at INT 2F/AX=0802h)
	request header (see #1930 at INT 2F/AX=0802h)

Disks
	BIOS Parameter Block (BPB) (see #1004)
	diskette drive type (see #0152 at INT 13/AH=08h)
	diskette parameter table (see #0671 at INT 1E)
	DOS drive parameter block (see #0704 at INT 21/AH=1Fh)
	DOS media ID byte (see #0703 at INT 21/AH=1Bh)
	hard disk master boot sector (see #0547 at INT 19)
	hard disk partition record (see #0548 at INT 19)
	IDE controller commands (see #P086)
	serial number (see #1108 at INT 21/AH=69h)

DOS (general)
	DOS commandline (see #1920 at INT 2E)
	DOS Environment block (see #0725 at INT 21/AH=26h,#0742)
	DOS memory allocation strategy (see #1019 at INT 21/AH=58h)
	DOS OEM number (see #0741 at INT 21/AH=30h)

DOS error codes (see INT 21/AH=59h)
	critical error (see #1881 at INT 24)
	extended error codes (see #1020)
	error class (see #1022)
	error locus (see #1024)
	media ID structure (see #1021)
	recommended action (see #1023)

DOS EXEC function (see INT 21/AH=4Bh):
	EXEC parameter block (see #0931,#0932,#0933)
	.EXE file formats (see #0935,#0937,#0950,#0957)
	Program Segment Prefix (PSP) (see #0725 at INT 21/AH=26h)

DOS extenders
	DPMI error codes (see #2398 at INT 21/AX=0000h)
	DPMI mode switch (see #2001 at INT 2F/AX=1687h)
	DPMI vendor-specific API (see #2002 at INT 2F/AX=168Ah)
	DPMS registration structure (see #2073 at INT 2F/AX=43E0h)
	VCPI (see INT 67/AX=DE00h)
		mode switch (see #2914 at INT 67/AX=DE0Ch)

DOS-internal data (see INT 21/AH=52h)
	Current Directory Structure (see #0984,#0985,#0986)
	Disk buffer (see #0990,#0991,#0993,#0994,#0996)
	DOS Parameter List (DPL) (see #1026 at INT 21/AX=5D00h)
	IFS entry point (see #0999)
	List of Lists (SYSVARS) (see #0968)
	Memory Control Block (see #0969,#0971,#0974)
	Novell DOS (see #0925,#0926 at INT 21/AX=4458h)
	SHARE hooks (see #0977)
	Swappable Data Area (SDA) (see #1027,#1030 at INT 21/AX=5D0Bh)
	System File Table (SFT) (see #0980,#0981,#0982,#0983)

Error Codes (Other)
	AMI BIOS diagnostics codes (see #P074)
	Advanced Power Management [APM] (see #0377 at INT 15/AX=5300h)
	EMS (see #2897 at INT 67/AH=40h)
	PRINT.EXE (see #1928 at INT 2F/AX=0101h)
	XMS (see #2055 at INT 2F/AX=4310h)

Files and Directories
	Directory Entry (see #0700)
	file attributes (see #0748 at INT 21/AH=3Ch)
	File Control Block (FCB) (see #0693 at INT 21/AH=0Fh)
	File Date and Time (see #1005,#1006 at INT 21/AX=5700h)
	file-sharing behavior (see #0750 at INT 21/AH=3Dh)
	FindFirst data block (see #0967 at INT 21/AH=4Eh)

Keyboard
	keyboard controller commands (see #P053,#P068)
	scan codes (see #0005 at INT 09"IRQ1")
	shift states (see #0486,#0487 at INT 16/AH=12h)

NetWare
	DOS Requester entry point (see #2138 at INT 2F/AX=7A20h)
	error codes (see #1141 at INT 21/AH=BCh,#1145,#1168 at INT 21/AH=E1h)
	LSL status (see #2259 at INT 2F/AX=C000h"LSL")
	NetWare Core Protocol functions (see #1431 at INT 21/AH=F2h)
	VLM error codes (see #2139 at INT 2F/AX=7A20h)
	VLM header (see #2141 at INT 2F/AX=7A20h)
	VLM identifier (see #2140 at INT 2F/AX=7A20h)

PCI Bus
	PCI BIOS error codes (see #0625 at INT 1A/AX=B101h)
	PCI configuration data (see #0628 at INT 1A/AX=B10Ah)
	PCI vendor ID (see #0629 at INT 1A/AX=B10Ah)
	PCI IRQ Routing Table (see #0666 at INT 1A/AX=B406h)

Plug-and-Play
	Plug-and-Play Installation Structure (see #F024)
	Plug-and-Play error codes (see #F053)
	Plug-and-Play device type codes (see #F057)
	Extended System Configuration Data (ESCD)(see #0651 at INT 1A/AX=B401h)
	generic device IDs (see #F058)

Power Management
	Advanced Power Management [APM] (see INT 15/AX=5300h)
	Advanced Configuration and Power Interface [ACPI] 
		(see #M079 at MEM xxxxh:xxx0h"ACPI")

Real-Time Clock (see also CMOS.LST)
	status registers (see #0310,#0311,#0312 at INT 15/AH=01h"Amstrad")

Serial Port
	serial port parameters (see #0204 at INT 14/AH=00h)
	serial line status (see #0208 at INT 14/AH=03h)
	modem status (see #0209 at INT 14/AH=03h)

Sound
	Adlib/SoundBlaster registers (see #P128 at PORT 0388h"AdLib")
	Gravis UltraSound
		registers (see #P102 at PORT 0340h"Gravis")
		board version (see PORT 0746h"Gravis")
		MegaEm (see INT 21/AX=FD12h,#3224 at INT 81/AX=0200h)
	SoundBlaster SBSIM (see #3221 at INT 80"SBSIM")
	Windows Sound System (see #P217 at PORT 0530h"Windows Sound")

Video
	character attributes (see #0013 at INT 10/AH=08h)
	Display Combination Code (DCC) (see #0036 at INT 10/AX=1A00h)
	TopView/RSIS shadow buffer [virtual screen] (see INT 10/AH=FEh)
	VESA SuperVGA information (see #0063 at INT 10/AX=4F00h)
	video modes
		mode numbers (see #0009 at INT 10/AH=00h)
		UltraVision modes (see #0130 at INT 10/AX=CD04h)
		VESA modes (see #0069 at INT 10/AX=4F02h)
	video parameters (see #0670 at INT 1D)

Windows
	Global EMM Import record (see #0857 at INT 21/AX=4402h)
	Startup Information Structure (see #1959 at INT 2F/AX=1605h)
	WMMCALL (see INT 20"Windows")
	VxD identifiers (see #1968 at INT 2F/AX=1684h)

Other Tables
	AMIS signatures (see #1904,#1905 at INT 2D/AH=00h)
	BIOS equipment list (see #0136 at INT 11)
	BIOS32 Service Directory (see #F021)
	Interrupt Sharing Protocol (ISP) header (see #1903 at INT 2D)
	Multiprocessor Specification - Floating Pointer Structure (see #M067)
	Option ROM header (see #F054)
	ROM configuration table (see #0411 at INT 15/AH=C0h)
	Universal Serial Bus OpenHCI (see #3330 at INT 1A/AX=B10Ah)

--------!---CONTACT_INFO---------------------
Internet: ralf@pobox.com (currently forwards to ralf@telerama.lm.com)
UUCP: {uunet,harvard}!pobox.com!ralf
FIDO: Ralf Brown 1:129/26.1
	or post a message to me in the DR_DEBUG echo (I probably won't see it
	unless you address it to me)
CIS:  >INTERNET:ralf@pobox.com
